<?xml version="1.0" encoding="UTF-8"?>
<coverage generated="1651875053608" clover="3.2.0">
  <project timestamp="1651875053608" name="All files">
    <metrics statements="124" coveredstatements="63" conditionals="23" coveredconditionals="14" methods="32" coveredmethods="16" elements="179" coveredelements="93" complexity="0" loc="124" ncloc="124" packages="1" files="1" classes="1"/>
    <file name="timetable.controller.ts" path="C:\Users\K\Desktop\gym-app\back\src\controllers\timetable.controller.ts">
      <metrics statements="124" coveredstatements="63" conditionals="23" coveredconditionals="14" methods="32" coveredmethods="16"/>
      <line num="2" count="1" type="stmt"/>
      <line num="4" count="1" type="stmt"/>
      <line num="5" count="1" type="stmt"/>
      <line num="7" count="1" type="stmt"/>
      <line num="8" count="0" type="stmt"/>
      <line num="19" count="0" type="stmt"/>
      <line num="20" count="0" type="stmt"/>
      <line num="31" count="0" type="stmt"/>
      <line num="33" count="0" type="stmt"/>
      <line num="37" count="0" type="stmt"/>
      <line num="39" count="0" type="cond" truecount="0" falsecount="1"/>
      <line num="40" count="0" type="stmt"/>
      <line num="41" count="0" type="stmt"/>
      <line num="42" count="0" type="stmt"/>
      <line num="47" count="0" type="stmt"/>
      <line num="50" count="0" type="stmt"/>
      <line num="51" count="0" type="stmt"/>
      <line num="53" count="0" type="stmt"/>
      <line num="62" count="0" type="stmt"/>
      <line num="64" count="0" type="stmt"/>
      <line num="65" count="0" type="stmt"/>
      <line num="66" count="0" type="stmt"/>
      <line num="68" count="0" type="stmt"/>
      <line num="77" count="0" type="stmt"/>
      <line num="79" count="0" type="stmt"/>
      <line num="80" count="0" type="stmt"/>
      <line num="84" count="0" type="stmt"/>
      <line num="86" count="0" type="stmt"/>
      <line num="91" count="0" type="stmt"/>
      <line num="92" count="0" type="stmt"/>
      <line num="93" count="0" type="stmt"/>
      <line num="97" count="0" type="stmt"/>
      <line num="99" count="0" type="stmt"/>
      <line num="108" count="0" type="stmt"/>
      <line num="110" count="0" type="stmt"/>
      <line num="111" count="0" type="stmt"/>
      <line num="113" count="0" type="stmt"/>
      <line num="116" count="0" type="stmt"/>
      <line num="118" count="0" type="stmt"/>
      <line num="119" count="0" type="stmt"/>
      <line num="120" count="0" type="stmt"/>
      <line num="122" count="0" type="stmt"/>
      <line num="129" count="5" type="stmt"/>
      <line num="130" count="5" type="stmt"/>
      <line num="141" count="5" type="stmt"/>
      <line num="142" count="5" type="stmt"/>
      <line num="143" count="5" type="stmt"/>
      <line num="144" count="5" type="stmt"/>
      <line num="145" count="5" type="stmt"/>
      <line num="154" count="5" type="stmt"/>
      <line num="157" count="5" type="stmt"/>
      <line num="158" count="5" type="stmt"/>
      <line num="161" count="5" type="stmt"/>
      <line num="167" count="0" type="stmt"/>
      <line num="168" count="0" type="stmt"/>
      <line num="169" count="0" type="stmt"/>
      <line num="170" count="0" type="stmt"/>
      <line num="171" count="0" type="stmt"/>
      <line num="172" count="0" type="stmt"/>
      <line num="173" count="0" type="stmt"/>
      <line num="174" count="0" type="stmt"/>
      <line num="175" count="0" type="stmt"/>
      <line num="176" count="0" type="stmt"/>
      <line num="177" count="0" type="stmt"/>
      <line num="181" count="0" type="cond" truecount="0" falsecount="1"/>
      <line num="182" count="0" type="stmt"/>
      <line num="185" count="0" type="stmt"/>
      <line num="186" count="0" type="cond" truecount="0" falsecount="2"/>
      <line num="187" count="0" type="stmt"/>
      <line num="189" count="0" type="stmt"/>
      <line num="197" count="0" type="stmt"/>
      <line num="202" count="0" type="cond" truecount="0" falsecount="1"/>
      <line num="203" count="0" type="stmt"/>
      <line num="206" count="0" type="stmt"/>
      <line num="207" count="0" type="stmt"/>
      <line num="209" count="0" type="stmt"/>
      <line num="221" count="5" type="stmt"/>
      <line num="223" count="36" type="stmt"/>
      <line num="233" count="36" type="stmt"/>
      <line num="241" count="36" type="stmt"/>
      <line num="243" count="36" type="stmt"/>
      <line num="244" count="36" type="stmt"/>
      <line num="246" count="36" type="stmt"/>
      <line num="247" count="36" type="stmt"/>
      <line num="249" count="36" type="stmt"/>
      <line num="261" count="36" type="stmt"/>
      <line num="262" count="36" type="stmt"/>
      <line num="264" count="36" type="stmt"/>
      <line num="265" count="36" type="cond" truecount="2" falsecount="0"/>
      <line num="266" count="36" type="stmt"/>
      <line num="267" count="36" type="stmt"/>
      <line num="268" count="36" type="stmt"/>
      <line num="270" count="36" type="stmt"/>
      <line num="271" count="36" type="stmt"/>
      <line num="272" count="36" type="stmt"/>
      <line num="273" count="128" type="stmt"/>
      <line num="274" count="128" type="stmt"/>
      <line num="275" count="128" type="stmt"/>
      <line num="276" count="128" type="stmt"/>
      <line num="282" count="128" type="stmt"/>
      <line num="283" count="128" type="stmt"/>
      <line num="284" count="128" type="stmt"/>
      <line num="286" count="36" type="stmt"/>
      <line num="287" count="36" type="stmt"/>
      <line num="291" count="149" type="stmt"/>
      <line num="292" count="149" type="stmt"/>
      <line num="308" count="5" type="stmt"/>
      <line num="309" count="5" type="stmt"/>
      <line num="310" count="5" type="stmt"/>
      <line num="311" count="50" type="stmt"/>
      <line num="312" count="50" type="stmt"/>
      <line num="313" count="50" type="stmt"/>
      <line num="314" count="50" type="stmt"/>
      <line num="316" count="5" type="stmt"/>
      <line num="324" count="5" type="stmt"/>
      <line num="325" count="5" type="cond" truecount="1" falsecount="0"/>
      <line num="326" count="14" type="stmt"/>
      <line num="328" count="5" type="cond" truecount="1" falsecount="0"/>
      <line num="329" count="14" type="stmt"/>
      <line num="331" count="50" type="stmt"/>
      <line num="335" count="14" type="cond" truecount="4" falsecount="0"/>
      <line num="339" count="14" type="cond" truecount="4" falsecount="0"/>
      <line num="360" count="1" type="stmt"/>
      <line num="368" count="1" type="stmt"/>
    </file>
  </project>
</coverage>
