{"C:\\Users\\K\\Desktop\\gym-app\\back\\src\\controllers\\timetable.controller.ts": {"path":"C:\\Users\\K\\Desktop\\gym-app\\back\\src\\controllers\\timetable.controller.ts","statementMap":{"0":{"start":{"line":2,"column":0},"end":{"line":2,"column":63}},"1":{"start":{"line":4,"column":0},"end":{"line":4,"column":43}},"2":{"start":{"line":5,"column":0},"end":{"line":5,"column":54}},"3":{"start":{"line":8,"column":1},"end":{"line":11,"column":26}},"4":{"start":{"line":7,"column":0},"end":{"line":7,"column":16}},"5":{"start":{"line":19,"column":14},"end":{"line":19,"column":22}},"6":{"start":{"line":20,"column":27},"end":{"line":29,"column":24}},"7":{"start":{"line":31,"column":1},"end":{"line":54,"column":null}},"8":{"start":{"line":33,"column":3},"end":{"line":37,"column":48}},"9":{"start":{"line":37,"column":18},"end":{"line":37,"column":47}},"10":{"start":{"line":39,"column":2},"end":{"line":48,"column":null}},"11":{"start":{"line":40,"column":30},"end":{"line":40,"column":72}},"12":{"start":{"line":40,"column":50},"end":{"line":40,"column":71}},"13":{"start":{"line":41,"column":28},"end":{"line":41,"column":68}},"14":{"start":{"line":41,"column":48},"end":{"line":41,"column":67}},"15":{"start":{"line":42,"column":17},"end":{"line":46,"column":23}},"16":{"start":{"line":47,"column":3},"end":{"line":47,"column":43}},"17":{"start":{"line":50,"column":2},"end":{"line":50,"column":64}},"18":{"start":{"line":51,"column":2},"end":{"line":51,"column":41}},"19":{"start":{"line":53,"column":2},"end":{"line":53,"column":17}},"20":{"start":{"line":62,"column":12},"end":{"line":62,"column":45}},"21":{"start":{"line":64,"column":1},"end":{"line":69,"column":null}},"22":{"start":{"line":65,"column":2},"end":{"line":65,"column":53}},"23":{"start":{"line":66,"column":2},"end":{"line":66,"column":46}},"24":{"start":{"line":68,"column":2},"end":{"line":68,"column":17}},"25":{"start":{"line":77,"column":16},"end":{"line":77,"column":47}},"26":{"start":{"line":79,"column":1},"end":{"line":87,"column":null}},"27":{"start":{"line":80,"column":2},"end":{"line":83,"column":4}},"28":{"start":{"line":84,"column":2},"end":{"line":84,"column":46}},"29":{"start":{"line":86,"column":2},"end":{"line":86,"column":17}},"30":{"start":{"line":91,"column":16},"end":{"line":91,"column":47}},"31":{"start":{"line":92,"column":1},"end":{"line":100,"column":null}},"32":{"start":{"line":93,"column":17},"end":{"line":95,"column":null}},"33":{"start":{"line":97,"column":2},"end":{"line":97,"column":50}},"34":{"start":{"line":99,"column":2},"end":{"line":99,"column":17}},"35":{"start":{"line":108,"column":26},"end":{"line":108,"column":60}},"36":{"start":{"line":110,"column":1},"end":{"line":114,"column":null}},"37":{"start":{"line":111,"column":2},"end":{"line":111,"column":51}},"38":{"start":{"line":113,"column":2},"end":{"line":113,"column":17}},"39":{"start":{"line":116,"column":28},"end":{"line":116,"column":72}},"40":{"start":{"line":118,"column":1},"end":{"line":123,"column":null}},"41":{"start":{"line":119,"column":2},"end":{"line":119,"column":66}},"42":{"start":{"line":120,"column":2},"end":{"line":120,"column":39}},"43":{"start":{"line":122,"column":2},"end":{"line":122,"column":10}},"44":{"start":{"line":129,"column":22},"end":{"line":138,"column":null}},"45":{"start":{"line":130,"column":2},"end":{"line":137,"column":null}},"46":{"start":{"line":141,"column":29},"end":{"line":141,"column":31}},"47":{"start":{"line":142,"column":1},"end":{"line":155,"column":null}},"48":{"start":{"line":142,"column":14},"end":{"line":142,"column":15}},"49":{"start":{"line":143,"column":16},"end":{"line":143,"column":31}},"50":{"start":{"line":144,"column":35},"end":{"line":144,"column":54}},"51":{"start":{"line":145,"column":30},"end":{"line":152,"column":null}},"52":{"start":{"line":154,"column":2},"end":{"line":154,"column":50}},"53":{"start":{"line":157,"column":49},"end":{"line":158,"column":null}},"54":{"start":{"line":158,"column":9},"end":{"line":158,"column":10}},"55":{"start":{"line":161,"column":1},"end":{"line":161,"column":27}},"56":{"start":{"line":167,"column":18},"end":{"line":178,"column":null}},"57":{"start":{"line":168,"column":40},"end":{"line":178,"column":4}},"58":{"start":{"line":169,"column":18},"end":{"line":169,"column":44}},"59":{"start":{"line":170,"column":18},"end":{"line":170,"column":45}},"60":{"start":{"line":171,"column":18},"end":{"line":171,"column":42}},"61":{"start":{"line":172,"column":18},"end":{"line":172,"column":43}},"62":{"start":{"line":173,"column":3},"end":{"line":173,"column":52}},"63":{"start":{"line":174,"column":3},"end":{"line":174,"column":59}},"64":{"start":{"line":175,"column":3},"end":{"line":175,"column":52}},"65":{"start":{"line":176,"column":3},"end":{"line":176,"column":59}},"66":{"start":{"line":177,"column":3},"end":{"line":177,"column":52}},"67":{"start":{"line":181,"column":1},"end":{"line":183,"column":null}},"68":{"start":{"line":181,"column":29},"end":{"line":181,"column":39}},"69":{"start":{"line":182,"column":2},"end":{"line":182,"column":31}},"70":{"start":{"line":185,"column":24},"end":{"line":188,"column":16}},"71":{"start":{"line":186,"column":24},"end":{"line":186,"column":71}},"72":{"start":{"line":187,"column":19},"end":{"line":187,"column":29}},"73":{"start":{"line":189,"column":1},"end":{"line":189,"column":60}},"74":{"start":{"line":197,"column":3},"end":{"line":199,"column":null}},"75":{"start":{"line":202,"column":1},"end":{"line":204,"column":null}},"76":{"start":{"line":203,"column":2},"end":{"line":203,"column":12}},"77":{"start":{"line":206,"column":15},"end":{"line":206,"column":34}},"78":{"start":{"line":207,"column":13},"end":{"line":207,"column":30}},"79":{"start":{"line":209,"column":1},"end":{"line":209,"column":115}},"80":{"start":{"line":221,"column":1},"end":{"line":233,"column":21}},"81":{"start":{"line":223,"column":3},"end":{"line":230,"column":null}},"82":{"start":{"line":233,"column":18},"end":{"line":233,"column":19}},"83":{"start":{"line":241,"column":15},"end":{"line":241,"column":29}},"84":{"start":{"line":243,"column":1},"end":{"line":243,"column":31}},"85":{"start":{"line":244,"column":1},"end":{"line":244,"column":36}},"86":{"start":{"line":246,"column":1},"end":{"line":246,"column":30}},"87":{"start":{"line":247,"column":1},"end":{"line":247,"column":35}},"88":{"start":{"line":249,"column":1},"end":{"line":249,"column":22}},"89":{"start":{"line":261,"column":1},"end":{"line":261,"column":31}},"90":{"start":{"line":262,"column":1},"end":{"line":262,"column":36}},"91":{"start":{"line":264,"column":17},"end":{"line":264,"column":31}},"92":{"start":{"line":265,"column":16},"end":{"line":265,"column":62}},"93":{"start":{"line":266,"column":1},"end":{"line":266,"column":45}},"94":{"start":{"line":267,"column":1},"end":{"line":267,"column":32}},"95":{"start":{"line":268,"column":1},"end":{"line":268,"column":37}},"96":{"start":{"line":270,"column":17},"end":{"line":270,"column":19}},"97":{"start":{"line":271,"column":16},"end":{"line":271,"column":20}},"98":{"start":{"line":272,"column":1},"end":{"line":285,"column":30}},"99":{"start":{"line":273,"column":18},"end":{"line":273,"column":36}},"100":{"start":{"line":274,"column":2},"end":{"line":274,"column":59}},"101":{"start":{"line":275,"column":2},"end":{"line":275,"column":66}},"102":{"start":{"line":276,"column":2},"end":{"line":281,"column":26}},"103":{"start":{"line":282,"column":2},"end":{"line":282,"column":56}},"104":{"start":{"line":283,"column":2},"end":{"line":283,"column":63}},"105":{"start":{"line":284,"column":2},"end":{"line":284,"column":21}},"106":{"start":{"line":286,"column":1},"end":{"line":286,"column":15}},"107":{"start":{"line":287,"column":1},"end":{"line":287,"column":16}},"108":{"start":{"line":291,"column":15},"end":{"line":291,"column":30}},"109":{"start":{"line":292,"column":1},"end":{"line":295,"column":23}},"110":{"start":{"line":308,"column":19},"end":{"line":308,"column":30}},"111":{"start":{"line":309,"column":21},"end":{"line":309,"column":30}},"112":{"start":{"line":310,"column":1},"end":{"line":315,"column":null}},"113":{"start":{"line":311,"column":2},"end":{"line":311,"column":40}},"114":{"start":{"line":312,"column":2},"end":{"line":312,"column":49}},"115":{"start":{"line":313,"column":2},"end":{"line":313,"column":41}},"116":{"start":{"line":314,"column":2},"end":{"line":314,"column":46}},"117":{"start":{"line":316,"column":1},"end":{"line":316,"column":18}},"118":{"start":{"line":324,"column":20},"end":{"line":324,"column":24}},"119":{"start":{"line":325,"column":1},"end":{"line":327,"column":null}},"120":{"start":{"line":326,"column":2},"end":{"line":326,"column":58}},"121":{"start":{"line":326,"column":33},"end":{"line":326,"column":46}},"122":{"start":{"line":328,"column":1},"end":{"line":330,"column":null}},"123":{"start":{"line":329,"column":2},"end":{"line":329,"column":58}},"124":{"start":{"line":329,"column":33},"end":{"line":329,"column":46}},"125":{"start":{"line":331,"column":1},"end":{"line":331,"column":46}},"126":{"start":{"line":331,"column":35},"end":{"line":331,"column":44}},"127":{"start":{"line":335,"column":1},"end":{"line":335,"column":62}},"128":{"start":{"line":339,"column":1},"end":{"line":339,"column":62}},"129":{"start":{"line":360,"column":0},"end":{"line":366,"column":2}},"130":{"start":{"line":368,"column":13},"end":{"line":368,"column":65}}},"fnMap":{"0":{"name":"convertParamsToDates","decl":{"start":{"line":7,"column":16},"end":{"line":7,"column":36}},"loc":{"start":{"line":7,"column":48},"end":{"line":12,"column":1}}},"1":{"name":"updateTimetable","decl":{"start":{"line":14,"column":15},"end":{"line":14,"column":30}},"loc":{"start":{"line":17,"column":19},"end":{"line":55,"column":null}}},"2":{"name":"(anonymous_11)","decl":{"start":{"line":37,"column":11},"end":{"line":37,"column":12}},"loc":{"start":{"line":37,"column":18},"end":{"line":37,"column":47}}},"3":{"name":"(anonymous_12)","decl":{"start":{"line":40,"column":43},"end":{"line":40,"column":44}},"loc":{"start":{"line":40,"column":50},"end":{"line":40,"column":71}}},"4":{"name":"(anonymous_13)","decl":{"start":{"line":41,"column":41},"end":{"line":41,"column":42}},"loc":{"start":{"line":41,"column":48},"end":{"line":41,"column":67}}},"5":{"name":"deleteTimetableById","decl":{"start":{"line":57,"column":15},"end":{"line":57,"column":34}},"loc":{"start":{"line":60,"column":19},"end":{"line":70,"column":null}}},"6":{"name":"deleteTimetable","decl":{"start":{"line":72,"column":15},"end":{"line":72,"column":30}},"loc":{"start":{"line":75,"column":19},"end":{"line":88,"column":null}}},"7":{"name":"getTimetables","decl":{"start":{"line":90,"column":15},"end":{"line":90,"column":28}},"loc":{"start":{"line":90,"column":76},"end":{"line":101,"column":null}}},"8":{"name":"createTimetable","decl":{"start":{"line":103,"column":15},"end":{"line":103,"column":30}},"loc":{"start":{"line":106,"column":19},"end":{"line":124,"column":null}}},"9":{"name":"generateReservationWindows","decl":{"start":{"line":126,"column":9},"end":{"line":126,"column":35}},"loc":{"start":{"line":127,"column":41},"end":{"line":162,"column":1}}},"10":{"name":"(anonymous_23)","decl":{"start":{"line":129,"column":43},"end":{"line":129,"column":44}},"loc":{"start":{"line":130,"column":2},"end":{"line":137,"column":null}}},"11":{"name":"(anonymous_24)","decl":{"start":{"line":158,"column":2},"end":{"line":158,"column":3}},"loc":{"start":{"line":158,"column":9},"end":{"line":158,"column":10}}},"12":{"name":"checkForOverlappingTimes","decl":{"start":{"line":164,"column":15},"end":{"line":164,"column":39}},"loc":{"start":{"line":165,"column":41},"end":{"line":190,"column":null}}},"13":{"name":"(anonymous_27)","decl":{"start":{"line":168,"column":23},"end":{"line":168,"column":30}},"loc":{"start":{"line":168,"column":40},"end":{"line":178,"column":4}}},"14":{"name":"(anonymous_28)","decl":{"start":{"line":168,"column":40},"end":{"line":168,"column":null}},"loc":{"start":{"line":168,"column":40},"end":{"line":178,"column":3}}},"15":{"name":"(anonymous_29)","decl":{"start":{"line":181,"column":20},"end":{"line":181,"column":21}},"loc":{"start":{"line":181,"column":29},"end":{"line":181,"column":39}}},"16":{"name":"(anonymous_30)","decl":{"start":{"line":186,"column":7},"end":{"line":186,"column":8}},"loc":{"start":{"line":186,"column":24},"end":{"line":186,"column":71}}},"17":{"name":"(anonymous_31)","decl":{"start":{"line":187,"column":10},"end":{"line":187,"column":11}},"loc":{"start":{"line":187,"column":19},"end":{"line":187,"column":29}}},"18":{"name":"getOverlappingTimes","decl":{"start":{"line":192,"column":15},"end":{"line":192,"column":34}},"loc":{"start":{"line":194,"column":14},"end":{"line":210,"column":null}}},"19":{"name":"formatTimeTable","decl":{"start":{"line":212,"column":9},"end":{"line":212,"column":24}},"loc":{"start":{"line":219,"column":23},"end":{"line":234,"column":1}}},"20":{"name":"(anonymous_35)","decl":{"start":{"line":222,"column":7},"end":{"line":222,"column":8}},"loc":{"start":{"line":223,"column":3},"end":{"line":230,"column":null}}},"21":{"name":"(anonymous_36)","decl":{"start":{"line":233,"column":11},"end":{"line":233,"column":12}},"loc":{"start":{"line":233,"column":18},"end":{"line":233,"column":19}}},"22":{"name":"shouldAddDay","decl":{"start":{"line":236,"column":9},"end":{"line":236,"column":21}},"loc":{"start":{"line":239,"column":26},"end":{"line":250,"column":1}}},"23":{"name":"getReservationWindows","decl":{"start":{"line":252,"column":9},"end":{"line":252,"column":30}},"loc":{"start":{"line":259,"column":23},"end":{"line":288,"column":1}}},"24":{"name":"parseTime","decl":{"start":{"line":290,"column":9},"end":{"line":290,"column":18}},"loc":{"start":{"line":290,"column":31},"end":{"line":296,"column":1}}},"25":{"name":"getDaysFromRange","decl":{"start":{"line":303,"column":9},"end":{"line":303,"column":25}},"loc":{"start":{"line":306,"column":30},"end":{"line":317,"column":1}}},"26":{"name":"getFilteredDays","decl":{"start":{"line":319,"column":9},"end":{"line":319,"column":24}},"loc":{"start":{"line":322,"column":13},"end":{"line":332,"column":1}}},"27":{"name":"(anonymous_42)","decl":{"start":{"line":326,"column":26},"end":{"line":326,"column":27}},"loc":{"start":{"line":326,"column":33},"end":{"line":326,"column":46}}},"28":{"name":"(anonymous_43)","decl":{"start":{"line":329,"column":26},"end":{"line":329,"column":27}},"loc":{"start":{"line":329,"column":33},"end":{"line":329,"column":46}}},"29":{"name":"(anonymous_44)","decl":{"start":{"line":331,"column":28},"end":{"line":331,"column":29}},"loc":{"start":{"line":331,"column":35},"end":{"line":331,"column":44}}},"30":{"name":"getWeekday","decl":{"start":{"line":334,"column":9},"end":{"line":334,"column":19}},"loc":{"start":{"line":334,"column":29},"end":{"line":336,"column":1}}},"31":{"name":"getWeekend","decl":{"start":{"line":338,"column":9},"end":{"line":338,"column":19}},"loc":{"start":{"line":338,"column":29},"end":{"line":340,"column":1}}}},"branchMap":{"0":{"loc":{"start":{"line":26,"column":3},"end":{"line":28,"column":15}},"type":"cond-expr","locations":[{"start":{"line":27,"column":6},"end":{"line":27,"column":32}},{"start":{"line":28,"column":6},"end":{"line":28,"column":15}}]},"1":{"loc":{"start":{"line":26,"column":3},"end":{"line":26,"column":44}},"type":"binary-expr","locations":[{"start":{"line":26,"column":3},"end":{"line":26,"column":22}},{"start":{"line":26,"column":26},"end":{"line":26,"column":44}}]},"2":{"loc":{"start":{"line":39,"column":2},"end":{"line":48,"column":null}},"type":"if","locations":[{"start":{"line":39,"column":2},"end":{"line":48,"column":null}}]},"3":{"loc":{"start":{"line":181,"column":1},"end":{"line":183,"column":null}},"type":"if","locations":[{"start":{"line":181,"column":1},"end":{"line":183,"column":null}}]},"4":{"loc":{"start":{"line":186,"column":24},"end":{"line":186,"column":71}},"type":"cond-expr","locations":[{"start":{"line":186,"column":37},"end":{"line":186,"column":66}},{"start":{"line":186,"column":69},"end":{"line":186,"column":71}}]},"5":{"loc":{"start":{"line":202,"column":1},"end":{"line":204,"column":null}},"type":"if","locations":[{"start":{"line":202,"column":1},"end":{"line":204,"column":null}}]},"6":{"loc":{"start":{"line":265,"column":16},"end":{"line":265,"column":62}},"type":"cond-expr","locations":[{"start":{"line":265,"column":57},"end":{"line":265,"column":58}},{"start":{"line":265,"column":61},"end":{"line":265,"column":62}}]},"7":{"loc":{"start":{"line":280,"column":16},"end":{"line":280,"column":57}},"type":"cond-expr","locations":[{"start":{"line":280,"column":32},"end":{"line":280,"column":45}},{"start":{"line":280,"column":48},"end":{"line":280,"column":57}}]},"8":{"loc":{"start":{"line":325,"column":1},"end":{"line":327,"column":null}},"type":"if","locations":[{"start":{"line":325,"column":1},"end":{"line":327,"column":null}}]},"9":{"loc":{"start":{"line":328,"column":1},"end":{"line":330,"column":null}},"type":"if","locations":[{"start":{"line":328,"column":1},"end":{"line":330,"column":null}}]},"10":{"loc":{"start":{"line":335,"column":8},"end":{"line":335,"column":61}},"type":"cond-expr","locations":[{"start":{"line":335,"column":51},"end":{"line":335,"column":55}},{"start":{"line":335,"column":58},"end":{"line":335,"column":61}}]},"11":{"loc":{"start":{"line":335,"column":8},"end":{"line":335,"column":48}},"type":"binary-expr","locations":[{"start":{"line":335,"column":8},"end":{"line":335,"column":26}},{"start":{"line":335,"column":30},"end":{"line":335,"column":48}}]},"12":{"loc":{"start":{"line":339,"column":8},"end":{"line":339,"column":61}},"type":"cond-expr","locations":[{"start":{"line":339,"column":51},"end":{"line":339,"column":54}},{"start":{"line":339,"column":57},"end":{"line":339,"column":61}}]},"13":{"loc":{"start":{"line":339,"column":8},"end":{"line":339,"column":48}},"type":"binary-expr","locations":[{"start":{"line":339,"column":8},"end":{"line":339,"column":26}},{"start":{"line":339,"column":30},"end":{"line":339,"column":48}}]}},"s":{"0":1,"1":1,"2":1,"3":0,"4":1,"5":0,"6":0,"7":0,"8":0,"9":0,"10":0,"11":0,"12":0,"13":0,"14":0,"15":0,"16":0,"17":0,"18":0,"19":0,"20":0,"21":0,"22":0,"23":0,"24":0,"25":0,"26":0,"27":0,"28":0,"29":0,"30":0,"31":0,"32":0,"33":0,"34":0,"35":0,"36":0,"37":0,"38":0,"39":0,"40":0,"41":0,"42":0,"43":0,"44":5,"45":5,"46":5,"47":5,"48":5,"49":5,"50":5,"51":5,"52":5,"53":5,"54":5,"55":5,"56":0,"57":0,"58":0,"59":0,"60":0,"61":0,"62":0,"63":0,"64":0,"65":0,"66":0,"67":0,"68":0,"69":0,"70":0,"71":0,"72":0,"73":0,"74":0,"75":0,"76":0,"77":0,"78":0,"79":0,"80":5,"81":36,"82":36,"83":36,"84":36,"85":36,"86":36,"87":36,"88":36,"89":36,"90":36,"91":36,"92":36,"93":36,"94":36,"95":36,"96":36,"97":36,"98":36,"99":128,"100":128,"101":128,"102":128,"103":128,"104":128,"105":128,"106":36,"107":36,"108":149,"109":149,"110":5,"111":5,"112":5,"113":50,"114":50,"115":50,"116":50,"117":5,"118":5,"119":5,"120":1,"121":14,"122":5,"123":1,"124":14,"125":5,"126":50,"127":14,"128":14,"129":1,"130":1},"f":{"0":0,"1":0,"2":0,"3":0,"4":0,"5":0,"6":0,"7":0,"8":0,"9":5,"10":5,"11":5,"12":0,"13":0,"14":0,"15":0,"16":0,"17":0,"18":0,"19":5,"20":36,"21":36,"22":36,"23":36,"24":149,"25":5,"26":5,"27":14,"28":14,"29":50,"30":14,"31":14},"b":{"0":[0,0],"1":[0,0],"2":[0],"3":[0],"4":[0,0],"5":[0],"6":[8,28],"7":[120,8],"8":[1],"9":[1],"10":[4,10],"11":[14,12],"12":[4,10],"13":[14,12]}}
}
