TN:
SF:src\controllers\timetable.controller.ts
FN:7,convertParamsToDates
FN:14,updateTimetable
FN:37,(anonymous_11)
FN:40,(anonymous_12)
FN:41,(anonymous_13)
FN:57,deleteTimetableById
FN:72,deleteTimetable
FN:90,getTimetables
FN:103,createTimetable
FN:126,generateReservationWindows
FN:129,(anonymous_23)
FN:158,(anonymous_24)
FN:164,checkForOverlappingTimes
FN:168,(anonymous_27)
FN:168,(anonymous_28)
FN:181,(anonymous_29)
FN:186,(anonymous_30)
FN:187,(anonymous_31)
FN:192,getOverlappingTimes
FN:212,formatTimeTable
FN:222,(anonymous_35)
FN:233,(anonymous_36)
FN:236,shouldAddDay
FN:252,getReservationWindows
FN:290,parseTime
FN:303,getDaysFromRange
FN:319,getFilteredDays
FN:326,(anonymous_42)
FN:329,(anonymous_43)
FN:331,(anonymous_44)
FN:334,getWeekday
FN:338,getWeekend
FNF:32
FNH:16
FNDA:0,convertParamsToDates
FNDA:0,updateTimetable
FNDA:0,(anonymous_11)
FNDA:0,(anonymous_12)
FNDA:0,(anonymous_13)
FNDA:0,deleteTimetableById
FNDA:0,deleteTimetable
FNDA:0,getTimetables
FNDA:0,createTimetable
FNDA:5,generateReservationWindows
FNDA:5,(anonymous_23)
FNDA:5,(anonymous_24)
FNDA:0,checkForOverlappingTimes
FNDA:0,(anonymous_27)
FNDA:0,(anonymous_28)
FNDA:0,(anonymous_29)
FNDA:0,(anonymous_30)
FNDA:0,(anonymous_31)
FNDA:0,getOverlappingTimes
FNDA:5,formatTimeTable
FNDA:36,(anonymous_35)
FNDA:36,(anonymous_36)
FNDA:36,shouldAddDay
FNDA:36,getReservationWindows
FNDA:149,parseTime
FNDA:5,getDaysFromRange
FNDA:5,getFilteredDays
FNDA:14,(anonymous_42)
FNDA:14,(anonymous_43)
FNDA:50,(anonymous_44)
FNDA:14,getWeekday
FNDA:14,getWeekend
DA:2,1
DA:4,1
DA:5,1
DA:7,1
DA:8,0
DA:19,0
DA:20,0
DA:31,0
DA:33,0
DA:37,0
DA:39,0
DA:40,0
DA:41,0
DA:42,0
DA:47,0
DA:50,0
DA:51,0
DA:53,0
DA:62,0
DA:64,0
DA:65,0
DA:66,0
DA:68,0
DA:77,0
DA:79,0
DA:80,0
DA:84,0
DA:86,0
DA:91,0
DA:92,0
DA:93,0
DA:97,0
DA:99,0
DA:108,0
DA:110,0
DA:111,0
DA:113,0
DA:116,0
DA:118,0
DA:119,0
DA:120,0
DA:122,0
DA:129,5
DA:130,5
DA:141,5
DA:142,5
DA:143,5
DA:144,5
DA:145,5
DA:154,5
DA:157,5
DA:158,5
DA:161,5
DA:167,0
DA:168,0
DA:169,0
DA:170,0
DA:171,0
DA:172,0
DA:173,0
DA:174,0
DA:175,0
DA:176,0
DA:177,0
DA:181,0
DA:182,0
DA:185,0
DA:186,0
DA:187,0
DA:189,0
DA:197,0
DA:202,0
DA:203,0
DA:206,0
DA:207,0
DA:209,0
DA:221,5
DA:223,36
DA:233,36
DA:241,36
DA:243,36
DA:244,36
DA:246,36
DA:247,36
DA:249,36
DA:261,36
DA:262,36
DA:264,36
DA:265,36
DA:266,36
DA:267,36
DA:268,36
DA:270,36
DA:271,36
DA:272,36
DA:273,128
DA:274,128
DA:275,128
DA:276,128
DA:282,128
DA:283,128
DA:284,128
DA:286,36
DA:287,36
DA:291,149
DA:292,149
DA:308,5
DA:309,5
DA:310,5
DA:311,50
DA:312,50
DA:313,50
DA:314,50
DA:316,5
DA:324,5
DA:325,5
DA:326,14
DA:328,5
DA:329,14
DA:331,50
DA:335,14
DA:339,14
DA:360,1
DA:368,1
LF:124
LH:63
BRDA:26,0,0,0
BRDA:26,0,1,0
BRDA:26,1,0,0
BRDA:26,1,1,0
BRDA:39,2,0,0
BRDA:181,3,0,0
BRDA:186,4,0,0
BRDA:186,4,1,0
BRDA:202,5,0,0
BRDA:265,6,0,8
BRDA:265,6,1,28
BRDA:280,7,0,120
BRDA:280,7,1,8
BRDA:325,8,0,1
BRDA:328,9,0,1
BRDA:335,10,0,4
BRDA:335,10,1,10
BRDA:335,11,0,14
BRDA:335,11,1,12
BRDA:339,12,0,4
BRDA:339,12,1,10
BRDA:339,13,0,14
BRDA:339,13,1,12
BRF:23
BRH:14
end_of_record
